<?xml version="1.0" encoding="UTF-8"?>
<robot generator="Robot 7.2.2 (Python 3.12.3 on linux)" generated="2025-02-26T10:20:34.921905" rpa="false" schemaversion="5">
<suite id="s1" name="Test" source="/home/ags-ubuntu/work/homework/test.robot">
<test id="s1-t1" name="Login Test" line="11">
<kw name="Open Browser" owner="SeleniumLibrary">
<msg time="2025-02-26T10:20:35.098042" level="INFO">Opening browser 'Chrome' to base url 'https://app.futureskill.co/my-library'.</msg>
<arg>${URL}</arg>
<arg>${BROWSER}</arg>
<doc>Opens a new browser instance to the optional ``url``.</doc>
<status status="PASS" start="2025-02-26T10:20:35.097637" elapsed="1.881221"/>
</kw>
<kw name="Wait Until Element Is Visible" owner="SeleniumLibrary">
<arg>name:email</arg>
<arg>timeout=5s</arg>
<doc>Waits until the element ``locator`` is visible.</doc>
<status status="PASS" start="2025-02-26T10:20:36.979639" elapsed="1.976510"/>
</kw>
<kw name="Input Text" owner="SeleniumLibrary">
<msg time="2025-02-26T10:20:38.956995" level="INFO">Typing text 'padcenter@prachakij.com' into text field 'name:email'.</msg>
<arg>name:email</arg>
<arg>${USERNAME}</arg>
<doc>Types the given ``text`` into the text field identified by ``locator``.</doc>
<status status="PASS" start="2025-02-26T10:20:38.956614" elapsed="0.278335"/>
</kw>
<kw name="Input Text" owner="SeleniumLibrary">
<msg time="2025-02-26T10:20:39.235675" level="INFO">Typing text 'Padcenter11' into text field 'name:password'.</msg>
<arg>name:password</arg>
<arg>${PASSWORD}</arg>
<doc>Types the given ``text`` into the text field identified by ``locator``.</doc>
<status status="PASS" start="2025-02-26T10:20:39.235256" elapsed="0.131901"/>
</kw>
<kw name="Click Button" owner="SeleniumLibrary">
<msg time="2025-02-26T10:20:39.367923" level="INFO">Clicking button 'css=button[type='submit']'.</msg>
<arg>css=button[type='submit']</arg>
<doc>Clicks the button identified by ``locator``.</doc>
<status status="PASS" start="2025-02-26T10:20:39.367549" elapsed="0.151492"/>
</kw>
<kw name="Run Keyword And Ignore Error" owner="BuiltIn">
<kw name="Wait Until Element Is Visible" owner="SeleniumLibrary">
<msg time="2025-02-26T10:20:44.879598" level="INFO" html="true">&lt;/td&gt;&lt;/tr&gt;&lt;tr&gt;&lt;td colspan="3"&gt;&lt;a href="selenium-screenshot-5.png"&gt;&lt;img src="selenium-screenshot-5.png" width="800px"&gt;&lt;/a&gt;</msg>
<msg time="2025-02-26T10:20:44.879843" level="FAIL">Element 'xpath=//button[contains(text(), 'ให้ภายหลัง')]' not visible after 5 seconds.</msg>
<arg>xpath=//button[contains(text(), 'ให้ภายหลัง')]</arg>
<arg>timeout=5s</arg>
<doc>Waits until the element ``locator`` is visible.</doc>
<status status="FAIL" start="2025-02-26T10:20:39.520162" elapsed="5.361015">Element 'xpath=//button[contains(text(), 'ให้ภายหลัง')]' not visible after 5 seconds.</status>
</kw>
<arg>Wait Until Element Is Visible</arg>
<arg>xpath=//button[contains(text(), 'ให้ภายหลัง')]</arg>
<arg>timeout=5s</arg>
<doc>Runs the given keyword with the given arguments and ignores possible error.</doc>
<status status="PASS" start="2025-02-26T10:20:39.519681" elapsed="5.361661"/>
</kw>
<kw name="Run Keyword And Ignore Error" owner="BuiltIn">
<kw name="Click Button" owner="SeleniumLibrary">
<msg time="2025-02-26T10:20:44.882178" level="INFO">Clicking button 'xpath=//button[contains(text(), 'ให้ภายหลัง')]'.</msg>
<msg time="2025-02-26T10:20:45.192868" level="INFO" html="true">&lt;/td&gt;&lt;/tr&gt;&lt;tr&gt;&lt;td colspan="3"&gt;&lt;a href="selenium-screenshot-6.png"&gt;&lt;img src="selenium-screenshot-6.png" width="800px"&gt;&lt;/a&gt;</msg>
<msg time="2025-02-26T10:20:45.193208" level="FAIL">Button with locator 'xpath=//button[contains(text(), 'ให้ภายหลัง')]' not found.</msg>
<arg>xpath=//button[contains(text(), 'ให้ภายหลัง')]</arg>
<doc>Clicks the button identified by ``locator``.</doc>
<status status="FAIL" start="2025-02-26T10:20:44.881916" elapsed="0.313730">Button with locator 'xpath=//button[contains(text(), 'ให้ภายหลัง')]' not found.</status>
</kw>
<arg>Click Button</arg>
<arg>xpath=//button[contains(text(), 'ให้ภายหลัง')]</arg>
<doc>Runs the given keyword with the given arguments and ignores possible error.</doc>
<status status="PASS" start="2025-02-26T10:20:44.881647" elapsed="0.314240"/>
</kw>
<kw name="Wait Until Page Contains" owner="SeleniumLibrary">
<arg>สวัสดี บริษัท ศูนย์พัฒนาผู้นำ จำกัด</arg>
<arg>timeout=5s</arg>
<doc>Waits until ``text`` appears on the current page.</doc>
<status status="PASS" start="2025-02-26T10:20:45.196348" elapsed="0.023803"/>
</kw>
<kw name="Capture Page Screenshot" owner="SeleniumLibrary">
<msg time="2025-02-26T10:20:45.351155" level="INFO" html="true">&lt;/td&gt;&lt;/tr&gt;&lt;tr&gt;&lt;td colspan="3"&gt;&lt;a href="login-success.png"&gt;&lt;img src="login-success.png" width="800px"&gt;&lt;/a&gt;</msg>
<arg>login-success.png</arg>
<doc>Takes a screenshot of the current page and embeds it into a log file.</doc>
<status status="PASS" start="2025-02-26T10:20:45.220771" elapsed="0.130540"/>
</kw>
<kw name="Close Browser" owner="SeleniumLibrary">
<doc>Closes the current browser.</doc>
<status status="PASS" start="2025-02-26T10:20:45.351627" elapsed="0.146170"/>
</kw>
<status status="PASS" start="2025-02-26T10:20:35.096471" elapsed="10.401657"/>
</test>
<status status="PASS" start="2025-02-26T10:20:34.923210" elapsed="10.575531"/>
</suite>
<statistics>
<total>
<stat pass="1" fail="0" skip="0">All Tests</stat>
</total>
<tag>
</tag>
<suite>
<stat name="Test" id="s1" pass="1" fail="0" skip="0">Test</stat>
</suite>
</statistics>
<errors>
</errors>
</robot>
